ARM GAS  /tmp/ccRhEz3e.s 			page 1


   1              		.cpu cortex-m7
   2              		.eabi_attribute 28, 1
   3              		.eabi_attribute 20, 1
   4              		.eabi_attribute 21, 1
   5              		.eabi_attribute 23, 3
   6              		.eabi_attribute 24, 1
   7              		.eabi_attribute 25, 1
   8              		.eabi_attribute 26, 1
   9              		.eabi_attribute 30, 2
  10              		.eabi_attribute 34, 1
  11              		.eabi_attribute 18, 4
  12              		.file	"usbd_desc.c"
  13              		.text
  14              	.Ltext0:
  15              		.cfi_sections	.debug_frame
  16              		.section	.text.USBD_FS_DeviceDescriptor,"ax",%progbits
  17              		.align	1
  18              		.p2align 2,,3
  19              		.global	USBD_FS_DeviceDescriptor
  20              		.arch armv7e-m
  21              		.syntax unified
  22              		.thumb
  23              		.thumb_func
  24              		.fpu fpv5-d16
  26              	USBD_FS_DeviceDescriptor:
  27              	.LVL0:
  28              	.LFB325:
  29              		.file 1 "usbd_desc.c"
   1:usbd_desc.c   **** /**
   2:usbd_desc.c   ****   ******************************************************************************
   3:usbd_desc.c   ****   * @file    usbd_desc.c
   4:usbd_desc.c   ****   * @brief   USB Device descriptors for Daisy Seed UAC1 Microphone
   5:usbd_desc.c   ****   *
   6:usbd_desc.c   ****   * Change from CDC baseline: product/config/interface strings updated from
   7:usbd_desc.c   ****   * "CDC Config" / "CDC Interface" to "Audio Config" / "Audio Streaming".
   8:usbd_desc.c   ****   * PID changed from 22336 (0x5740, ST's CDC PID) to 0x5741 so Windows doesn't
   9:usbd_desc.c   ****   * confuse this with a previously-seen CDC device.
  10:usbd_desc.c   ****   ******************************************************************************
  11:usbd_desc.c   ****   */
  12:usbd_desc.c   **** 
  13:usbd_desc.c   **** #include "usbd_core.h"
  14:usbd_desc.c   **** #include "usbd_desc.h"
  15:usbd_desc.c   **** #include "usbd_conf.h"
  16:usbd_desc.c   **** 
  17:usbd_desc.c   **** /* -------------------------------------------------------------------------- */
  18:usbd_desc.c   **** /* Device identification                                                       */
  19:usbd_desc.c   **** /* -------------------------------------------------------------------------- */
  20:usbd_desc.c   **** #define USBD_VID                    1155       /* 0x0483 — ST's VID, ok for dev */
  21:usbd_desc.c   **** #define USBD_LANGID_STRING          1033       /* English */
  22:usbd_desc.c   **** #define USBD_MANUFACTURER_STRING    "Electrosmith"
  23:usbd_desc.c   **** 
  24:usbd_desc.c   **** /* Internal FS connector — the one on the Daisy Seed board */
  25:usbd_desc.c   **** #define USBD_PID_FS                 0x5741
  26:usbd_desc.c   **** #define USBD_PRODUCT_STRING_FS      "JamMate Audio In"
  27:usbd_desc.c   **** #define USBD_CONFIGURATION_STRING_FS "Audio Config"
  28:usbd_desc.c   **** #define USBD_INTERFACE_STRING_FS    "Audio Streaming"
  29:usbd_desc.c   **** 
ARM GAS  /tmp/ccRhEz3e.s 			page 2


  30:usbd_desc.c   **** /* External HS connector — not present on Daisy Seed, keep for completeness */
  31:usbd_desc.c   **** #define USBD_PID_HS                 0x5742
  32:usbd_desc.c   **** #define USBD_PRODUCT_STRING_HS      "JamMate Audio In HS"
  33:usbd_desc.c   **** #define USBD_CONFIGURATION_STRING_HS "Audio Config"
  34:usbd_desc.c   **** #define USBD_INTERFACE_STRING_HS    "Audio Streaming"
  35:usbd_desc.c   **** 
  36:usbd_desc.c   **** #define DEVICE_ID1     (UID_BASE)
  37:usbd_desc.c   **** #define DEVICE_ID2     (UID_BASE + 0x4)
  38:usbd_desc.c   **** #define DEVICE_ID3     (UID_BASE + 0x8)
  39:usbd_desc.c   **** #define USB_SIZ_STRING_SERIAL       0x1A
  40:usbd_desc.c   **** 
  41:usbd_desc.c   **** /* -------------------------------------------------------------------------- */
  42:usbd_desc.c   **** /* Descriptor callback prototypes                                              */
  43:usbd_desc.c   **** /* -------------------------------------------------------------------------- */
  44:usbd_desc.c   **** uint8_t *USBD_FS_DeviceDescriptor(USBD_SpeedTypeDef speed, uint16_t *length);
  45:usbd_desc.c   **** uint8_t *USBD_FS_LangIDStrDescriptor(USBD_SpeedTypeDef speed, uint16_t *length);
  46:usbd_desc.c   **** uint8_t *USBD_FS_ManufacturerStrDescriptor(USBD_SpeedTypeDef speed, uint16_t *length);
  47:usbd_desc.c   **** uint8_t *USBD_FS_ProductStrDescriptor(USBD_SpeedTypeDef speed, uint16_t *length);
  48:usbd_desc.c   **** uint8_t *USBD_FS_SerialStrDescriptor(USBD_SpeedTypeDef speed, uint16_t *length);
  49:usbd_desc.c   **** uint8_t *USBD_FS_ConfigStrDescriptor(USBD_SpeedTypeDef speed, uint16_t *length);
  50:usbd_desc.c   **** uint8_t *USBD_FS_InterfaceStrDescriptor(USBD_SpeedTypeDef speed, uint16_t *length);
  51:usbd_desc.c   **** 
  52:usbd_desc.c   **** uint8_t *USBD_HS_DeviceDescriptor(USBD_SpeedTypeDef speed, uint16_t *length);
  53:usbd_desc.c   **** uint8_t *USBD_HS_LangIDStrDescriptor(USBD_SpeedTypeDef speed, uint16_t *length);
  54:usbd_desc.c   **** uint8_t *USBD_HS_ManufacturerStrDescriptor(USBD_SpeedTypeDef speed, uint16_t *length);
  55:usbd_desc.c   **** uint8_t *USBD_HS_ProductStrDescriptor(USBD_SpeedTypeDef speed, uint16_t *length);
  56:usbd_desc.c   **** uint8_t *USBD_HS_SerialStrDescriptor(USBD_SpeedTypeDef speed, uint16_t *length);
  57:usbd_desc.c   **** uint8_t *USBD_HS_ConfigStrDescriptor(USBD_SpeedTypeDef speed, uint16_t *length);
  58:usbd_desc.c   **** uint8_t *USBD_HS_InterfaceStrDescriptor(USBD_SpeedTypeDef speed, uint16_t *length);
  59:usbd_desc.c   **** 
  60:usbd_desc.c   **** #ifdef USB_SUPPORT_USER_STRING_DESC
  61:usbd_desc.c   **** uint8_t *USBD_FS_USRStringDesc(USBD_SpeedTypeDef speed, uint8_t idx, uint16_t *length);
  62:usbd_desc.c   **** uint8_t *USBD_HS_USRStringDesc(USBD_SpeedTypeDef speed, uint8_t idx, uint16_t *length);
  63:usbd_desc.c   **** #endif
  64:usbd_desc.c   **** 
  65:usbd_desc.c   **** /* -------------------------------------------------------------------------- */
  66:usbd_desc.c   **** /* Descriptor tables                                                           */
  67:usbd_desc.c   **** /* -------------------------------------------------------------------------- */
  68:usbd_desc.c   **** USBD_DescriptorsTypeDef FS_Desc = {
  69:usbd_desc.c   ****     USBD_FS_DeviceDescriptor,
  70:usbd_desc.c   ****     USBD_FS_LangIDStrDescriptor,
  71:usbd_desc.c   ****     USBD_FS_ManufacturerStrDescriptor,
  72:usbd_desc.c   ****     USBD_FS_ProductStrDescriptor,
  73:usbd_desc.c   ****     USBD_FS_SerialStrDescriptor,
  74:usbd_desc.c   ****     USBD_FS_ConfigStrDescriptor,
  75:usbd_desc.c   ****     USBD_FS_InterfaceStrDescriptor,
  76:usbd_desc.c   **** };
  77:usbd_desc.c   **** 
  78:usbd_desc.c   **** USBD_DescriptorsTypeDef HS_Desc = {
  79:usbd_desc.c   ****     USBD_HS_DeviceDescriptor,
  80:usbd_desc.c   ****     USBD_HS_LangIDStrDescriptor,
  81:usbd_desc.c   ****     USBD_HS_ManufacturerStrDescriptor,
  82:usbd_desc.c   ****     USBD_HS_ProductStrDescriptor,
  83:usbd_desc.c   ****     USBD_HS_SerialStrDescriptor,
  84:usbd_desc.c   ****     USBD_HS_ConfigStrDescriptor,
  85:usbd_desc.c   ****     USBD_HS_InterfaceStrDescriptor,
  86:usbd_desc.c   **** };
ARM GAS  /tmp/ccRhEz3e.s 			page 3


  87:usbd_desc.c   **** 
  88:usbd_desc.c   **** /* -------------------------------------------------------------------------- */
  89:usbd_desc.c   **** /* Working buffers                                                             */
  90:usbd_desc.c   **** /* -------------------------------------------------------------------------- */
  91:usbd_desc.c   **** #if defined ( __ICCARM__ )
  92:usbd_desc.c   ****   #pragma data_alignment=4
  93:usbd_desc.c   **** #endif
  94:usbd_desc.c   **** __ALIGN_BEGIN uint8_t USBD_FS_DeviceDesc[USB_LEN_DEV_DESC] __ALIGN_END = {
  95:usbd_desc.c   ****     0x12,                       /* bLength */
  96:usbd_desc.c   ****     USB_DESC_TYPE_DEVICE,       /* bDescriptorType */
  97:usbd_desc.c   ****     0x00, 0x02,                 /* bcdUSB = 2.00 */
  98:usbd_desc.c   ****     0x00,                       /* bDeviceClass (defined at interface level) */
  99:usbd_desc.c   ****     0x00,                       /* bDeviceSubClass */
 100:usbd_desc.c   ****     0x00,                       /* bDeviceProtocol */
 101:usbd_desc.c   ****     USB_MAX_EP0_SIZE,           /* bMaxPacketSize0 */
 102:usbd_desc.c   ****     LOBYTE(USBD_VID),           /* idVendor */
 103:usbd_desc.c   ****     HIBYTE(USBD_VID),
 104:usbd_desc.c   ****     LOBYTE(USBD_PID_FS),        /* idProduct */
 105:usbd_desc.c   ****     HIBYTE(USBD_PID_FS),
 106:usbd_desc.c   ****     0x00, 0x02,                 /* bcdDevice = 2.00 */
 107:usbd_desc.c   ****     USBD_IDX_MFC_STR,           /* iManufacturer */
 108:usbd_desc.c   ****     USBD_IDX_PRODUCT_STR,       /* iProduct */
 109:usbd_desc.c   ****     USBD_IDX_SERIAL_STR,        /* iSerialNumber */
 110:usbd_desc.c   ****     USBD_MAX_NUM_CONFIGURATION  /* bNumConfigurations */
 111:usbd_desc.c   **** };
 112:usbd_desc.c   **** 
 113:usbd_desc.c   **** __ALIGN_BEGIN uint8_t USBD_HS_DeviceDesc[USB_LEN_DEV_DESC] __ALIGN_END = {
 114:usbd_desc.c   ****     0x12, USB_DESC_TYPE_DEVICE,
 115:usbd_desc.c   ****     0x00, 0x02,
 116:usbd_desc.c   ****     0x00, 0x00, 0x00,
 117:usbd_desc.c   ****     USB_MAX_EP0_SIZE,
 118:usbd_desc.c   ****     LOBYTE(USBD_VID), HIBYTE(USBD_VID),
 119:usbd_desc.c   ****     LOBYTE(USBD_PID_HS), HIBYTE(USBD_PID_HS),
 120:usbd_desc.c   ****     0x00, 0x02,
 121:usbd_desc.c   ****     USBD_IDX_MFC_STR, USBD_IDX_PRODUCT_STR, USBD_IDX_SERIAL_STR,
 122:usbd_desc.c   ****     USBD_MAX_NUM_CONFIGURATION
 123:usbd_desc.c   **** };
 124:usbd_desc.c   **** 
 125:usbd_desc.c   **** __ALIGN_BEGIN uint8_t USBD_LangIDDesc[USB_LEN_LANGID_STR_DESC] __ALIGN_END = {
 126:usbd_desc.c   ****     USB_LEN_LANGID_STR_DESC,
 127:usbd_desc.c   ****     USB_DESC_TYPE_STRING,
 128:usbd_desc.c   ****     LOBYTE(USBD_LANGID_STRING),
 129:usbd_desc.c   ****     HIBYTE(USBD_LANGID_STRING)
 130:usbd_desc.c   **** };
 131:usbd_desc.c   **** 
 132:usbd_desc.c   **** __ALIGN_BEGIN uint8_t USBD_StringSerial[USB_SIZ_STRING_SERIAL] __ALIGN_END = {
 133:usbd_desc.c   ****     USB_SIZ_STRING_SERIAL,
 134:usbd_desc.c   ****     USB_DESC_TYPE_STRING,
 135:usbd_desc.c   **** };
 136:usbd_desc.c   **** 
 137:usbd_desc.c   **** __ALIGN_BEGIN uint8_t USBD_StrDesc[USBD_MAX_STR_DESC_SIZ] __ALIGN_END;
 138:usbd_desc.c   **** 
 139:usbd_desc.c   **** /* -------------------------------------------------------------------------- */
 140:usbd_desc.c   **** /* Helper                                                                      */
 141:usbd_desc.c   **** /* -------------------------------------------------------------------------- */
 142:usbd_desc.c   **** static void IntToUnicode(uint32_t value, uint8_t *pbuf, uint8_t len)
 143:usbd_desc.c   **** {
ARM GAS  /tmp/ccRhEz3e.s 			page 4


 144:usbd_desc.c   ****     for(uint8_t idx = 0; idx < len; idx++)
 145:usbd_desc.c   ****     {
 146:usbd_desc.c   ****         uint8_t nib = (value >> 28) & 0x0F;
 147:usbd_desc.c   ****         pbuf[2 * idx]     = (nib < 10) ? ('0' + nib) : ('A' + nib - 10);
 148:usbd_desc.c   ****         pbuf[2 * idx + 1] = 0;
 149:usbd_desc.c   ****         value <<= 4;
 150:usbd_desc.c   ****     }
 151:usbd_desc.c   **** }
 152:usbd_desc.c   **** 
 153:usbd_desc.c   **** static void Get_SerialNum(void)
 154:usbd_desc.c   **** {
 155:usbd_desc.c   ****     uint32_t deviceserial0 = *(uint32_t *)DEVICE_ID1;
 156:usbd_desc.c   ****     uint32_t deviceserial1 = *(uint32_t *)DEVICE_ID2;
 157:usbd_desc.c   ****     uint32_t deviceserial2 = *(uint32_t *)DEVICE_ID3;
 158:usbd_desc.c   ****     deviceserial0 += deviceserial2;
 159:usbd_desc.c   ****     if(deviceserial0 != 0)
 160:usbd_desc.c   ****     {
 161:usbd_desc.c   ****         IntToUnicode(deviceserial0, &USBD_StringSerial[2],  8);
 162:usbd_desc.c   ****         IntToUnicode(deviceserial1, &USBD_StringSerial[18], 4);
 163:usbd_desc.c   ****     }
 164:usbd_desc.c   **** }
 165:usbd_desc.c   **** 
 166:usbd_desc.c   **** /* -------------------------------------------------------------------------- */
 167:usbd_desc.c   **** /* FS descriptor callbacks                                                     */
 168:usbd_desc.c   **** /* -------------------------------------------------------------------------- */
 169:usbd_desc.c   **** uint8_t *USBD_FS_DeviceDescriptor(USBD_SpeedTypeDef speed, uint16_t *length)
 170:usbd_desc.c   **** {
  30              		.loc 1 170 1 view -0
  31              		.cfi_startproc
  32              		@ args = 0, pretend = 0, frame = 0
  33              		@ frame_needed = 0, uses_anonymous_args = 0
  34              		@ link register save eliminated.
 171:usbd_desc.c   ****     (void)speed;
  35              		.loc 1 171 5 view .LVU1
 172:usbd_desc.c   ****     *length = sizeof(USBD_FS_DeviceDesc);
  36              		.loc 1 172 5 view .LVU2
  37              		.loc 1 172 13 is_stmt 0 view .LVU3
  38 0000 1223     		movs	r3, #18
 173:usbd_desc.c   ****     return USBD_FS_DeviceDesc;
 174:usbd_desc.c   **** }
  39              		.loc 1 174 1 view .LVU4
  40 0002 0148     		ldr	r0, .L3
  41              	.LVL1:
 172:usbd_desc.c   ****     *length = sizeof(USBD_FS_DeviceDesc);
  42              		.loc 1 172 13 view .LVU5
  43 0004 0B80     		strh	r3, [r1]	@ movhi
 173:usbd_desc.c   ****     return USBD_FS_DeviceDesc;
  44              		.loc 1 173 5 is_stmt 1 view .LVU6
  45              		.loc 1 174 1 is_stmt 0 view .LVU7
  46 0006 7047     		bx	lr
  47              	.L4:
  48              		.align	2
  49              	.L3:
  50 0008 00000000 		.word	.LANCHOR0
  51              		.cfi_endproc
  52              	.LFE325:
  54              		.section	.text.USBD_FS_LangIDStrDescriptor,"ax",%progbits
ARM GAS  /tmp/ccRhEz3e.s 			page 5


  55              		.align	1
  56              		.p2align 2,,3
  57              		.global	USBD_FS_LangIDStrDescriptor
  58              		.syntax unified
  59              		.thumb
  60              		.thumb_func
  61              		.fpu fpv5-d16
  63              	USBD_FS_LangIDStrDescriptor:
  64              	.LVL2:
  65              	.LFB326:
 175:usbd_desc.c   **** 
 176:usbd_desc.c   **** uint8_t *USBD_FS_LangIDStrDescriptor(USBD_SpeedTypeDef speed, uint16_t *length)
 177:usbd_desc.c   **** {
  66              		.loc 1 177 1 is_stmt 1 view -0
  67              		.cfi_startproc
  68              		@ args = 0, pretend = 0, frame = 0
  69              		@ frame_needed = 0, uses_anonymous_args = 0
  70              		@ link register save eliminated.
 178:usbd_desc.c   ****     (void)speed;
  71              		.loc 1 178 5 view .LVU9
 179:usbd_desc.c   ****     *length = sizeof(USBD_LangIDDesc);
  72              		.loc 1 179 5 view .LVU10
  73              		.loc 1 179 13 is_stmt 0 view .LVU11
  74 0000 0423     		movs	r3, #4
 180:usbd_desc.c   ****     return USBD_LangIDDesc;
 181:usbd_desc.c   **** }
  75              		.loc 1 181 1 view .LVU12
  76 0002 0148     		ldr	r0, .L6
  77              	.LVL3:
 179:usbd_desc.c   ****     *length = sizeof(USBD_LangIDDesc);
  78              		.loc 1 179 13 view .LVU13
  79 0004 0B80     		strh	r3, [r1]	@ movhi
 180:usbd_desc.c   ****     return USBD_LangIDDesc;
  80              		.loc 1 180 5 is_stmt 1 view .LVU14
  81              		.loc 1 181 1 is_stmt 0 view .LVU15
  82 0006 7047     		bx	lr
  83              	.L7:
  84              		.align	2
  85              	.L6:
  86 0008 00000000 		.word	.LANCHOR1
  87              		.cfi_endproc
  88              	.LFE326:
  90              		.section	.text.USBD_HS_DeviceDescriptor,"ax",%progbits
  91              		.align	1
  92              		.p2align 2,,3
  93              		.global	USBD_HS_DeviceDescriptor
  94              		.syntax unified
  95              		.thumb
  96              		.thumb_func
  97              		.fpu fpv5-d16
  99              	USBD_HS_DeviceDescriptor:
 100              	.LVL4:
 101              	.LFB332:
 182:usbd_desc.c   **** 
 183:usbd_desc.c   **** uint8_t *USBD_FS_ManufacturerStrDescriptor(USBD_SpeedTypeDef speed, uint16_t *length)
 184:usbd_desc.c   **** {
 185:usbd_desc.c   ****     (void)speed;
ARM GAS  /tmp/ccRhEz3e.s 			page 6


 186:usbd_desc.c   ****     USBD_GetString((uint8_t *)USBD_MANUFACTURER_STRING, USBD_StrDesc, length);
 187:usbd_desc.c   ****     return USBD_StrDesc;
 188:usbd_desc.c   **** }
 189:usbd_desc.c   **** 
 190:usbd_desc.c   **** uint8_t *USBD_FS_ProductStrDescriptor(USBD_SpeedTypeDef speed, uint16_t *length)
 191:usbd_desc.c   **** {
 192:usbd_desc.c   ****     (void)speed;
 193:usbd_desc.c   ****     USBD_GetString((uint8_t *)USBD_PRODUCT_STRING_FS, USBD_StrDesc, length);
 194:usbd_desc.c   ****     return USBD_StrDesc;
 195:usbd_desc.c   **** }
 196:usbd_desc.c   **** 
 197:usbd_desc.c   **** uint8_t *USBD_FS_SerialStrDescriptor(USBD_SpeedTypeDef speed, uint16_t *length)
 198:usbd_desc.c   **** {
 199:usbd_desc.c   ****     (void)speed;
 200:usbd_desc.c   ****     *length = USB_SIZ_STRING_SERIAL;
 201:usbd_desc.c   ****     Get_SerialNum();
 202:usbd_desc.c   ****     return USBD_StringSerial;
 203:usbd_desc.c   **** }
 204:usbd_desc.c   **** 
 205:usbd_desc.c   **** uint8_t *USBD_FS_ConfigStrDescriptor(USBD_SpeedTypeDef speed, uint16_t *length)
 206:usbd_desc.c   **** {
 207:usbd_desc.c   ****     (void)speed;
 208:usbd_desc.c   ****     USBD_GetString((uint8_t *)USBD_CONFIGURATION_STRING_FS, USBD_StrDesc, length);
 209:usbd_desc.c   ****     return USBD_StrDesc;
 210:usbd_desc.c   **** }
 211:usbd_desc.c   **** 
 212:usbd_desc.c   **** uint8_t *USBD_FS_InterfaceStrDescriptor(USBD_SpeedTypeDef speed, uint16_t *length)
 213:usbd_desc.c   **** {
 214:usbd_desc.c   ****     (void)speed;
 215:usbd_desc.c   ****     USBD_GetString((uint8_t *)USBD_INTERFACE_STRING_FS, USBD_StrDesc, length);
 216:usbd_desc.c   ****     return USBD_StrDesc;
 217:usbd_desc.c   **** }
 218:usbd_desc.c   **** 
 219:usbd_desc.c   **** /* -------------------------------------------------------------------------- */
 220:usbd_desc.c   **** /* HS descriptor callbacks (mirrors FS with HS PID/strings)                   */
 221:usbd_desc.c   **** /* -------------------------------------------------------------------------- */
 222:usbd_desc.c   **** uint8_t *USBD_HS_DeviceDescriptor(USBD_SpeedTypeDef speed, uint16_t *length)
 223:usbd_desc.c   **** {
 102              		.loc 1 223 1 is_stmt 1 view -0
 103              		.cfi_startproc
 104              		@ args = 0, pretend = 0, frame = 0
 105              		@ frame_needed = 0, uses_anonymous_args = 0
 106              		@ link register save eliminated.
 224:usbd_desc.c   ****     (void)speed;
 107              		.loc 1 224 5 view .LVU17
 225:usbd_desc.c   ****     *length = sizeof(USBD_HS_DeviceDesc);
 108              		.loc 1 225 5 view .LVU18
 109              		.loc 1 225 13 is_stmt 0 view .LVU19
 110 0000 1223     		movs	r3, #18
 226:usbd_desc.c   ****     return USBD_HS_DeviceDesc;
 227:usbd_desc.c   **** }
 111              		.loc 1 227 1 view .LVU20
 112 0002 0148     		ldr	r0, .L9
 113              	.LVL5:
 225:usbd_desc.c   ****     *length = sizeof(USBD_HS_DeviceDesc);
 114              		.loc 1 225 13 view .LVU21
 115 0004 0B80     		strh	r3, [r1]	@ movhi
ARM GAS  /tmp/ccRhEz3e.s 			page 7


 226:usbd_desc.c   ****     return USBD_HS_DeviceDesc;
 116              		.loc 1 226 5 is_stmt 1 view .LVU22
 117              		.loc 1 227 1 is_stmt 0 view .LVU23
 118 0006 7047     		bx	lr
 119              	.L10:
 120              		.align	2
 121              	.L9:
 122 0008 00000000 		.word	.LANCHOR2
 123              		.cfi_endproc
 124              	.LFE332:
 126              		.section	.rodata.USBD_FS_ManufacturerStrDescriptor.str1.4,"aMS",%progbits,1
 127              		.align	2
 128              	.LC0:
 129 0000 456C6563 		.ascii	"Electrosmith\000"
 129      74726F73 
 129      6D697468 
 129      00
 130              		.section	.text.USBD_FS_ManufacturerStrDescriptor,"ax",%progbits
 131              		.align	1
 132              		.p2align 2,,3
 133              		.global	USBD_FS_ManufacturerStrDescriptor
 134              		.syntax unified
 135              		.thumb
 136              		.thumb_func
 137              		.fpu fpv5-d16
 139              	USBD_FS_ManufacturerStrDescriptor:
 140              	.LVL6:
 141              	.LFB327:
 184:usbd_desc.c   ****     (void)speed;
 142              		.loc 1 184 1 is_stmt 1 view -0
 143              		.cfi_startproc
 144              		@ args = 0, pretend = 0, frame = 0
 145              		@ frame_needed = 0, uses_anonymous_args = 0
 185:usbd_desc.c   ****     USBD_GetString((uint8_t *)USBD_MANUFACTURER_STRING, USBD_StrDesc, length);
 146              		.loc 1 185 5 view .LVU25
 186:usbd_desc.c   ****     return USBD_StrDesc;
 147              		.loc 1 186 5 view .LVU26
 184:usbd_desc.c   ****     (void)speed;
 148              		.loc 1 184 1 is_stmt 0 view .LVU27
 149 0000 10B5     		push	{r4, lr}
 150              		.cfi_def_cfa_offset 8
 151              		.cfi_offset 4, -8
 152              		.cfi_offset 14, -4
 186:usbd_desc.c   ****     return USBD_StrDesc;
 153              		.loc 1 186 5 view .LVU28
 154 0002 044C     		ldr	r4, .L13
 184:usbd_desc.c   ****     (void)speed;
 155              		.loc 1 184 1 view .LVU29
 156 0004 0A46     		mov	r2, r1
 186:usbd_desc.c   ****     return USBD_StrDesc;
 157              		.loc 1 186 5 view .LVU30
 158 0006 0448     		ldr	r0, .L13+4
 159              	.LVL7:
 186:usbd_desc.c   ****     return USBD_StrDesc;
 160              		.loc 1 186 5 view .LVU31
 161 0008 2146     		mov	r1, r4
 162              	.LVL8:
ARM GAS  /tmp/ccRhEz3e.s 			page 8


 186:usbd_desc.c   ****     return USBD_StrDesc;
 163              		.loc 1 186 5 view .LVU32
 164 000a FFF7FEFF 		bl	USBD_GetString
 165              	.LVL9:
 187:usbd_desc.c   **** }
 166              		.loc 1 187 5 is_stmt 1 view .LVU33
 188:usbd_desc.c   **** 
 167              		.loc 1 188 1 is_stmt 0 view .LVU34
 168 000e 2046     		mov	r0, r4
 169 0010 10BD     		pop	{r4, pc}
 170              	.L14:
 171 0012 00BF     		.align	2
 172              	.L13:
 173 0014 00000000 		.word	.LANCHOR3
 174 0018 00000000 		.word	.LC0
 175              		.cfi_endproc
 176              	.LFE327:
 178              		.section	.rodata.USBD_FS_ProductStrDescriptor.str1.4,"aMS",%progbits,1
 179              		.align	2
 180              	.LC1:
 181 0000 4A616D4D 		.ascii	"JamMate Audio In\000"
 181      61746520 
 181      41756469 
 181      6F20496E 
 181      00
 182              		.section	.text.USBD_FS_ProductStrDescriptor,"ax",%progbits
 183              		.align	1
 184              		.p2align 2,,3
 185              		.global	USBD_FS_ProductStrDescriptor
 186              		.syntax unified
 187              		.thumb
 188              		.thumb_func
 189              		.fpu fpv5-d16
 191              	USBD_FS_ProductStrDescriptor:
 192              	.LVL10:
 193              	.LFB328:
 191:usbd_desc.c   ****     (void)speed;
 194              		.loc 1 191 1 is_stmt 1 view -0
 195              		.cfi_startproc
 196              		@ args = 0, pretend = 0, frame = 0
 197              		@ frame_needed = 0, uses_anonymous_args = 0
 192:usbd_desc.c   ****     USBD_GetString((uint8_t *)USBD_PRODUCT_STRING_FS, USBD_StrDesc, length);
 198              		.loc 1 192 5 view .LVU36
 193:usbd_desc.c   ****     return USBD_StrDesc;
 199              		.loc 1 193 5 view .LVU37
 191:usbd_desc.c   ****     (void)speed;
 200              		.loc 1 191 1 is_stmt 0 view .LVU38
 201 0000 10B5     		push	{r4, lr}
 202              		.cfi_def_cfa_offset 8
 203              		.cfi_offset 4, -8
 204              		.cfi_offset 14, -4
 193:usbd_desc.c   ****     return USBD_StrDesc;
 205              		.loc 1 193 5 view .LVU39
 206 0002 044C     		ldr	r4, .L17
 191:usbd_desc.c   ****     (void)speed;
 207              		.loc 1 191 1 view .LVU40
 208 0004 0A46     		mov	r2, r1
ARM GAS  /tmp/ccRhEz3e.s 			page 9


 193:usbd_desc.c   ****     return USBD_StrDesc;
 209              		.loc 1 193 5 view .LVU41
 210 0006 0448     		ldr	r0, .L17+4
 211              	.LVL11:
 193:usbd_desc.c   ****     return USBD_StrDesc;
 212              		.loc 1 193 5 view .LVU42
 213 0008 2146     		mov	r1, r4
 214              	.LVL12:
 193:usbd_desc.c   ****     return USBD_StrDesc;
 215              		.loc 1 193 5 view .LVU43
 216 000a FFF7FEFF 		bl	USBD_GetString
 217              	.LVL13:
 194:usbd_desc.c   **** }
 218              		.loc 1 194 5 is_stmt 1 view .LVU44
 195:usbd_desc.c   **** 
 219              		.loc 1 195 1 is_stmt 0 view .LVU45
 220 000e 2046     		mov	r0, r4
 221 0010 10BD     		pop	{r4, pc}
 222              	.L18:
 223 0012 00BF     		.align	2
 224              	.L17:
 225 0014 00000000 		.word	.LANCHOR3
 226 0018 00000000 		.word	.LC1
 227              		.cfi_endproc
 228              	.LFE328:
 230              		.section	.rodata.USBD_FS_ConfigStrDescriptor.str1.4,"aMS",%progbits,1
 231              		.align	2
 232              	.LC2:
 233 0000 41756469 		.ascii	"Audio Config\000"
 233      6F20436F 
 233      6E666967 
 233      00
 234              		.section	.text.USBD_FS_ConfigStrDescriptor,"ax",%progbits
 235              		.align	1
 236              		.p2align 2,,3
 237              		.global	USBD_FS_ConfigStrDescriptor
 238              		.syntax unified
 239              		.thumb
 240              		.thumb_func
 241              		.fpu fpv5-d16
 243              	USBD_FS_ConfigStrDescriptor:
 244              	.LVL14:
 245              	.LFB330:
 206:usbd_desc.c   ****     (void)speed;
 246              		.loc 1 206 1 is_stmt 1 view -0
 247              		.cfi_startproc
 248              		@ args = 0, pretend = 0, frame = 0
 249              		@ frame_needed = 0, uses_anonymous_args = 0
 207:usbd_desc.c   ****     USBD_GetString((uint8_t *)USBD_CONFIGURATION_STRING_FS, USBD_StrDesc, length);
 250              		.loc 1 207 5 view .LVU47
 208:usbd_desc.c   ****     return USBD_StrDesc;
 251              		.loc 1 208 5 view .LVU48
 206:usbd_desc.c   ****     (void)speed;
 252              		.loc 1 206 1 is_stmt 0 view .LVU49
 253 0000 10B5     		push	{r4, lr}
 254              		.cfi_def_cfa_offset 8
 255              		.cfi_offset 4, -8
ARM GAS  /tmp/ccRhEz3e.s 			page 10


 256              		.cfi_offset 14, -4
 208:usbd_desc.c   ****     return USBD_StrDesc;
 257              		.loc 1 208 5 view .LVU50
 258 0002 044C     		ldr	r4, .L21
 206:usbd_desc.c   ****     (void)speed;
 259              		.loc 1 206 1 view .LVU51
 260 0004 0A46     		mov	r2, r1
 208:usbd_desc.c   ****     return USBD_StrDesc;
 261              		.loc 1 208 5 view .LVU52
 262 0006 0448     		ldr	r0, .L21+4
 263              	.LVL15:
 208:usbd_desc.c   ****     return USBD_StrDesc;
 264              		.loc 1 208 5 view .LVU53
 265 0008 2146     		mov	r1, r4
 266              	.LVL16:
 208:usbd_desc.c   ****     return USBD_StrDesc;
 267              		.loc 1 208 5 view .LVU54
 268 000a FFF7FEFF 		bl	USBD_GetString
 269              	.LVL17:
 209:usbd_desc.c   **** }
 270              		.loc 1 209 5 is_stmt 1 view .LVU55
 210:usbd_desc.c   **** 
 271              		.loc 1 210 1 is_stmt 0 view .LVU56
 272 000e 2046     		mov	r0, r4
 273 0010 10BD     		pop	{r4, pc}
 274              	.L22:
 275 0012 00BF     		.align	2
 276              	.L21:
 277 0014 00000000 		.word	.LANCHOR3
 278 0018 00000000 		.word	.LC2
 279              		.cfi_endproc
 280              	.LFE330:
 282              		.section	.rodata.USBD_FS_InterfaceStrDescriptor.str1.4,"aMS",%progbits,1
 283              		.align	2
 284              	.LC3:
 285 0000 41756469 		.ascii	"Audio Streaming\000"
 285      6F205374 
 285      7265616D 
 285      696E6700 
 286              		.section	.text.USBD_FS_InterfaceStrDescriptor,"ax",%progbits
 287              		.align	1
 288              		.p2align 2,,3
 289              		.global	USBD_FS_InterfaceStrDescriptor
 290              		.syntax unified
 291              		.thumb
 292              		.thumb_func
 293              		.fpu fpv5-d16
 295              	USBD_FS_InterfaceStrDescriptor:
 296              	.LVL18:
 297              	.LFB331:
 213:usbd_desc.c   ****     (void)speed;
 298              		.loc 1 213 1 is_stmt 1 view -0
 299              		.cfi_startproc
 300              		@ args = 0, pretend = 0, frame = 0
 301              		@ frame_needed = 0, uses_anonymous_args = 0
 214:usbd_desc.c   ****     USBD_GetString((uint8_t *)USBD_INTERFACE_STRING_FS, USBD_StrDesc, length);
 302              		.loc 1 214 5 view .LVU58
ARM GAS  /tmp/ccRhEz3e.s 			page 11


 215:usbd_desc.c   ****     return USBD_StrDesc;
 303              		.loc 1 215 5 view .LVU59
 213:usbd_desc.c   ****     (void)speed;
 304              		.loc 1 213 1 is_stmt 0 view .LVU60
 305 0000 10B5     		push	{r4, lr}
 306              		.cfi_def_cfa_offset 8
 307              		.cfi_offset 4, -8
 308              		.cfi_offset 14, -4
 215:usbd_desc.c   ****     return USBD_StrDesc;
 309              		.loc 1 215 5 view .LVU61
 310 0002 044C     		ldr	r4, .L25
 213:usbd_desc.c   ****     (void)speed;
 311              		.loc 1 213 1 view .LVU62
 312 0004 0A46     		mov	r2, r1
 215:usbd_desc.c   ****     return USBD_StrDesc;
 313              		.loc 1 215 5 view .LVU63
 314 0006 0448     		ldr	r0, .L25+4
 315              	.LVL19:
 215:usbd_desc.c   ****     return USBD_StrDesc;
 316              		.loc 1 215 5 view .LVU64
 317 0008 2146     		mov	r1, r4
 318              	.LVL20:
 215:usbd_desc.c   ****     return USBD_StrDesc;
 319              		.loc 1 215 5 view .LVU65
 320 000a FFF7FEFF 		bl	USBD_GetString
 321              	.LVL21:
 216:usbd_desc.c   **** }
 322              		.loc 1 216 5 is_stmt 1 view .LVU66
 217:usbd_desc.c   **** 
 323              		.loc 1 217 1 is_stmt 0 view .LVU67
 324 000e 2046     		mov	r0, r4
 325 0010 10BD     		pop	{r4, pc}
 326              	.L26:
 327 0012 00BF     		.align	2
 328              	.L25:
 329 0014 00000000 		.word	.LANCHOR3
 330 0018 00000000 		.word	.LC3
 331              		.cfi_endproc
 332              	.LFE331:
 334              		.section	.rodata.USBD_HS_ProductStrDescriptor.str1.4,"aMS",%progbits,1
 335              		.align	2
 336              	.LC4:
 337 0000 4A616D4D 		.ascii	"JamMate Audio In HS\000"
 337      61746520 
 337      41756469 
 337      6F20496E 
 337      20485300 
 338              		.section	.text.USBD_HS_ProductStrDescriptor,"ax",%progbits
 339              		.align	1
 340              		.p2align 2,,3
 341              		.global	USBD_HS_ProductStrDescriptor
 342              		.syntax unified
 343              		.thumb
 344              		.thumb_func
 345              		.fpu fpv5-d16
 347              	USBD_HS_ProductStrDescriptor:
 348              	.LVL22:
ARM GAS  /tmp/ccRhEz3e.s 			page 12


 349              	.LFB335:
 228:usbd_desc.c   **** uint8_t *USBD_HS_LangIDStrDescriptor(USBD_SpeedTypeDef speed, uint16_t *length)
 229:usbd_desc.c   **** {   return USBD_FS_LangIDStrDescriptor(speed, length); }
 230:usbd_desc.c   **** uint8_t *USBD_HS_ManufacturerStrDescriptor(USBD_SpeedTypeDef speed, uint16_t *length)
 231:usbd_desc.c   **** {   return USBD_FS_ManufacturerStrDescriptor(speed, length); }
 232:usbd_desc.c   **** uint8_t *USBD_HS_ProductStrDescriptor(USBD_SpeedTypeDef speed, uint16_t *length)
 233:usbd_desc.c   **** {
 350              		.loc 1 233 1 is_stmt 1 view -0
 351              		.cfi_startproc
 352              		@ args = 0, pretend = 0, frame = 0
 353              		@ frame_needed = 0, uses_anonymous_args = 0
 234:usbd_desc.c   ****     (void)speed;
 354              		.loc 1 234 5 view .LVU69
 235:usbd_desc.c   ****     USBD_GetString((uint8_t *)USBD_PRODUCT_STRING_HS, USBD_StrDesc, length);
 355              		.loc 1 235 5 view .LVU70
 233:usbd_desc.c   ****     (void)speed;
 356              		.loc 1 233 1 is_stmt 0 view .LVU71
 357 0000 10B5     		push	{r4, lr}
 358              		.cfi_def_cfa_offset 8
 359              		.cfi_offset 4, -8
 360              		.cfi_offset 14, -4
 361              		.loc 1 235 5 view .LVU72
 362 0002 044C     		ldr	r4, .L29
 233:usbd_desc.c   ****     (void)speed;
 363              		.loc 1 233 1 view .LVU73
 364 0004 0A46     		mov	r2, r1
 365              		.loc 1 235 5 view .LVU74
 366 0006 0448     		ldr	r0, .L29+4
 367              	.LVL23:
 368              		.loc 1 235 5 view .LVU75
 369 0008 2146     		mov	r1, r4
 370              	.LVL24:
 371              		.loc 1 235 5 view .LVU76
 372 000a FFF7FEFF 		bl	USBD_GetString
 373              	.LVL25:
 236:usbd_desc.c   ****     return USBD_StrDesc;
 374              		.loc 1 236 5 is_stmt 1 view .LVU77
 237:usbd_desc.c   **** }
 375              		.loc 1 237 1 is_stmt 0 view .LVU78
 376 000e 2046     		mov	r0, r4
 377 0010 10BD     		pop	{r4, pc}
 378              	.L30:
 379 0012 00BF     		.align	2
 380              	.L29:
 381 0014 00000000 		.word	.LANCHOR3
 382 0018 00000000 		.word	.LC4
 383              		.cfi_endproc
 384              	.LFE335:
 386              		.section	.text.USBD_HS_LangIDStrDescriptor,"ax",%progbits
 387              		.align	1
 388              		.p2align 2,,3
 389              		.global	USBD_HS_LangIDStrDescriptor
 390              		.syntax unified
 391              		.thumb
 392              		.thumb_func
 393              		.fpu fpv5-d16
 395              	USBD_HS_LangIDStrDescriptor:
ARM GAS  /tmp/ccRhEz3e.s 			page 13


 396              	.LFB340:
 397              		.cfi_startproc
 398              		@ args = 0, pretend = 0, frame = 0
 399              		@ frame_needed = 0, uses_anonymous_args = 0
 400              		@ link register save eliminated.
 401 0000 0423     		movs	r3, #4
 402 0002 0148     		ldr	r0, .L32
 403 0004 0B80     		strh	r3, [r1]	@ movhi
 404 0006 7047     		bx	lr
 405              	.L33:
 406              		.align	2
 407              	.L32:
 408 0008 00000000 		.word	.LANCHOR1
 409              		.cfi_endproc
 410              	.LFE340:
 412              		.section	.text.USBD_HS_ManufacturerStrDescriptor,"ax",%progbits
 413              		.align	1
 414              		.p2align 2,,3
 415              		.global	USBD_HS_ManufacturerStrDescriptor
 416              		.syntax unified
 417              		.thumb
 418              		.thumb_func
 419              		.fpu fpv5-d16
 421              	USBD_HS_ManufacturerStrDescriptor:
 422              	.LFB342:
 423              		.cfi_startproc
 424              		@ args = 0, pretend = 0, frame = 0
 425              		@ frame_needed = 0, uses_anonymous_args = 0
 426 0000 10B5     		push	{r4, lr}
 427              		.cfi_def_cfa_offset 8
 428              		.cfi_offset 4, -8
 429              		.cfi_offset 14, -4
 430 0002 044C     		ldr	r4, .L36
 431 0004 0A46     		mov	r2, r1
 432 0006 0448     		ldr	r0, .L36+4
 433 0008 2146     		mov	r1, r4
 434 000a FFF7FEFF 		bl	USBD_GetString
 435 000e 2046     		mov	r0, r4
 436 0010 10BD     		pop	{r4, pc}
 437              	.L37:
 438 0012 00BF     		.align	2
 439              	.L36:
 440 0014 00000000 		.word	.LANCHOR3
 441 0018 00000000 		.word	.LC0
 442              		.cfi_endproc
 443              	.LFE342:
 445              		.section	.text.USBD_HS_ConfigStrDescriptor,"ax",%progbits
 446              		.align	1
 447              		.p2align 2,,3
 448              		.global	USBD_HS_ConfigStrDescriptor
 449              		.syntax unified
 450              		.thumb
 451              		.thumb_func
 452              		.fpu fpv5-d16
 454              	USBD_HS_ConfigStrDescriptor:
 455              	.LFB346:
 456              		.cfi_startproc
ARM GAS  /tmp/ccRhEz3e.s 			page 14


 457              		@ args = 0, pretend = 0, frame = 0
 458              		@ frame_needed = 0, uses_anonymous_args = 0
 459 0000 10B5     		push	{r4, lr}
 460              		.cfi_def_cfa_offset 8
 461              		.cfi_offset 4, -8
 462              		.cfi_offset 14, -4
 463 0002 044C     		ldr	r4, .L40
 464 0004 0A46     		mov	r2, r1
 465 0006 0448     		ldr	r0, .L40+4
 466 0008 2146     		mov	r1, r4
 467 000a FFF7FEFF 		bl	USBD_GetString
 468 000e 2046     		mov	r0, r4
 469 0010 10BD     		pop	{r4, pc}
 470              	.L41:
 471 0012 00BF     		.align	2
 472              	.L40:
 473 0014 00000000 		.word	.LANCHOR3
 474 0018 00000000 		.word	.LC2
 475              		.cfi_endproc
 476              	.LFE346:
 478              		.section	.text.USBD_HS_InterfaceStrDescriptor,"ax",%progbits
 479              		.align	1
 480              		.p2align 2,,3
 481              		.global	USBD_HS_InterfaceStrDescriptor
 482              		.syntax unified
 483              		.thumb
 484              		.thumb_func
 485              		.fpu fpv5-d16
 487              	USBD_HS_InterfaceStrDescriptor:
 488              	.LFB348:
 489              		.cfi_startproc
 490              		@ args = 0, pretend = 0, frame = 0
 491              		@ frame_needed = 0, uses_anonymous_args = 0
 492 0000 10B5     		push	{r4, lr}
 493              		.cfi_def_cfa_offset 8
 494              		.cfi_offset 4, -8
 495              		.cfi_offset 14, -4
 496 0002 044C     		ldr	r4, .L44
 497 0004 0A46     		mov	r2, r1
 498 0006 0448     		ldr	r0, .L44+4
 499 0008 2146     		mov	r1, r4
 500 000a FFF7FEFF 		bl	USBD_GetString
 501 000e 2046     		mov	r0, r4
 502 0010 10BD     		pop	{r4, pc}
 503              	.L45:
 504 0012 00BF     		.align	2
 505              	.L44:
 506 0014 00000000 		.word	.LANCHOR3
 507 0018 00000000 		.word	.LC3
 508              		.cfi_endproc
 509              	.LFE348:
 511              		.section	.text.USBD_FS_SerialStrDescriptor,"ax",%progbits
 512              		.align	1
 513              		.p2align 2,,3
 514              		.global	USBD_FS_SerialStrDescriptor
 515              		.syntax unified
 516              		.thumb
ARM GAS  /tmp/ccRhEz3e.s 			page 15


 517              		.thumb_func
 518              		.fpu fpv5-d16
 520              	USBD_FS_SerialStrDescriptor:
 521              	.LVL26:
 522              	.LFB329:
 198:usbd_desc.c   ****     (void)speed;
 523              		.loc 1 198 1 is_stmt 1 view -0
 524              		.cfi_startproc
 525              		@ args = 0, pretend = 0, frame = 0
 526              		@ frame_needed = 0, uses_anonymous_args = 0
 199:usbd_desc.c   ****     *length = USB_SIZ_STRING_SERIAL;
 527              		.loc 1 199 5 view .LVU80
 200:usbd_desc.c   ****     Get_SerialNum();
 528              		.loc 1 200 5 view .LVU81
 529              	.LBB18:
 530              	.LBB19:
 155:usbd_desc.c   ****     uint32_t deviceserial1 = *(uint32_t *)DEVICE_ID2;
 531              		.loc 1 155 14 is_stmt 0 view .LVU82
 532 0000 1D48     		ldr	r0, .L61
 533              	.LVL27:
 155:usbd_desc.c   ****     uint32_t deviceserial1 = *(uint32_t *)DEVICE_ID2;
 534              		.loc 1 155 14 view .LVU83
 535 0002 D0F80038 		ldr	r3, [r0, #2048]
 158:usbd_desc.c   ****     if(deviceserial0 != 0)
 536              		.loc 1 158 19 view .LVU84
 537 0006 D0F80828 		ldr	r2, [r0, #2056]
 538              	.LBE19:
 539              	.LBE18:
 198:usbd_desc.c   ****     (void)speed;
 540              		.loc 1 198 1 view .LVU85
 541 000a 30B5     		push	{r4, r5, lr}
 542              		.cfi_def_cfa_offset 12
 543              		.cfi_offset 4, -12
 544              		.cfi_offset 5, -8
 545              		.cfi_offset 14, -4
 546              	.LBB36:
 547              	.LBB33:
 159:usbd_desc.c   ****     {
 548              		.loc 1 159 7 view .LVU86
 549 000c 9B18     		adds	r3, r3, r2
 550              	.LBE33:
 551              	.LBE36:
 200:usbd_desc.c   ****     Get_SerialNum();
 552              		.loc 1 200 13 view .LVU87
 553 000e 4FF01A04 		mov	r4, #26
 554 0012 0C80     		strh	r4, [r1]	@ movhi
 201:usbd_desc.c   ****     return USBD_StringSerial;
 555              		.loc 1 201 5 is_stmt 1 view .LVU88
 556              	.LBB37:
 557              	.LBI18:
 153:usbd_desc.c   **** {
 558              		.loc 1 153 13 view .LVU89
 559              	.LBB34:
 155:usbd_desc.c   ****     uint32_t deviceserial1 = *(uint32_t *)DEVICE_ID2;
 560              		.loc 1 155 5 view .LVU90
 156:usbd_desc.c   ****     uint32_t deviceserial2 = *(uint32_t *)DEVICE_ID3;
 561              		.loc 1 156 5 view .LVU91
ARM GAS  /tmp/ccRhEz3e.s 			page 16


 562              	.LVL28:
 157:usbd_desc.c   ****     deviceserial0 += deviceserial2;
 563              		.loc 1 157 5 view .LVU92
 158:usbd_desc.c   ****     if(deviceserial0 != 0)
 564              		.loc 1 158 5 view .LVU93
 159:usbd_desc.c   ****     {
 565              		.loc 1 159 5 view .LVU94
 159:usbd_desc.c   ****     {
 566              		.loc 1 159 7 is_stmt 0 view .LVU95
 567 0014 01D1     		bne	.L60
 568              	.LVL29:
 159:usbd_desc.c   ****     {
 569              		.loc 1 159 7 view .LVU96
 570              	.LBE34:
 571              	.LBE37:
 202:usbd_desc.c   **** }
 572              		.loc 1 202 5 is_stmt 1 view .LVU97
 203:usbd_desc.c   **** 
 573              		.loc 1 203 1 is_stmt 0 view .LVU98
 574 0016 1948     		ldr	r0, .L61+4
 575 0018 30BD     		pop	{r4, r5, pc}
 576              	.LVL30:
 577              	.L60:
 203:usbd_desc.c   **** 
 578              		.loc 1 203 1 view .LVU99
 579 001a 184A     		ldr	r2, .L61+4
 580              	.LBB38:
 581              	.LBB35:
 582              	.LBB20:
 583              	.LBB21:
 584              	.LBB22:
 148:usbd_desc.c   ****         value <<= 4;
 585              		.loc 1 148 27 view .LVU100
 586 001c 0024     		movs	r4, #0
 587              	.LBE22:
 588              	.LBE21:
 589              	.LBE20:
 156:usbd_desc.c   ****     uint32_t deviceserial2 = *(uint32_t *)DEVICE_ID3;
 590              		.loc 1 156 14 view .LVU101
 591 001e D0F80408 		ldr	r0, [r0, #2052]
 592 0022 02F11005 		add	r5, r2, #16
 593 0026 1146     		mov	r1, r2
 594              	.LVL31:
 595              	.L50:
 596              	.LBB27:
 597              	.LBB26:
 598              	.LBB23:
 146:usbd_desc.c   ****         pbuf[2 * idx]     = (nib < 10) ? ('0' + nib) : ('A' + nib - 10);
 599              		.loc 1 146 9 is_stmt 1 view .LVU102
 146:usbd_desc.c   ****         pbuf[2 * idx]     = (nib < 10) ? ('0' + nib) : ('A' + nib - 10);
 600              		.loc 1 146 17 is_stmt 0 view .LVU103
 601 0028 4FEA137E 		lsr	lr, r3, #28
 602              	.LVL32:
 147:usbd_desc.c   ****         pbuf[2 * idx + 1] = 0;
 603              		.loc 1 147 9 is_stmt 1 view .LVU104
 147:usbd_desc.c   ****         pbuf[2 * idx + 1] = 0;
 604              		.loc 1 147 27 is_stmt 0 view .LVU105
ARM GAS  /tmp/ccRhEz3e.s 			page 17


 605 002c B3F1204F 		cmp	r3, #-1610612736
 148:usbd_desc.c   ****         value <<= 4;
 606              		.loc 1 148 27 view .LVU106
 607 0030 CC70     		strb	r4, [r1, #3]
 608              	.LBE23:
 144:usbd_desc.c   ****     {
 609              		.loc 1 144 5 view .LVU107
 610 0032 01F10201 		add	r1, r1, #2
 611              	.LVL33:
 612              	.LBB24:
 147:usbd_desc.c   ****         pbuf[2 * idx + 1] = 0;
 613              		.loc 1 147 27 view .LVU108
 614 0036 0EF1370C 		add	ip, lr, #55
 615 003a 38BF     		it	cc
 616 003c 0EF1300C 		addcc	ip, lr, #48
 617              	.LBE24:
 144:usbd_desc.c   ****     {
 618              		.loc 1 144 5 view .LVU109
 619 0040 A942     		cmp	r1, r5
 620              	.LBB25:
 149:usbd_desc.c   ****     }
 621              		.loc 1 149 15 view .LVU110
 622 0042 4FEA0313 		lsl	r3, r3, #4
 623              	.LVL34:
 147:usbd_desc.c   ****         pbuf[2 * idx + 1] = 0;
 624              		.loc 1 147 27 view .LVU111
 625 0046 81F800C0 		strb	ip, [r1]
 148:usbd_desc.c   ****         value <<= 4;
 626              		.loc 1 148 9 is_stmt 1 view .LVU112
 149:usbd_desc.c   ****     }
 627              		.loc 1 149 9 view .LVU113
 628              	.LVL35:
 149:usbd_desc.c   ****     }
 629              		.loc 1 149 9 is_stmt 0 view .LVU114
 630              	.LBE25:
 144:usbd_desc.c   ****     {
 631              		.loc 1 144 37 is_stmt 1 view .LVU115
 144:usbd_desc.c   ****     {
 632              		.loc 1 144 26 view .LVU116
 144:usbd_desc.c   ****     {
 633              		.loc 1 144 5 is_stmt 0 view .LVU117
 634 004a EDD1     		bne	.L50
 635 004c 0C4C     		ldr	r4, .L61+8
 636              	.LBE26:
 637              	.LBE27:
 638              	.LBB28:
 639              	.LBB29:
 640              	.LBB30:
 148:usbd_desc.c   ****         value <<= 4;
 641              		.loc 1 148 27 view .LVU118
 642 004e 4FF0000C 		mov	ip, #0
 643              	.LVL36:
 644              	.L53:
 146:usbd_desc.c   ****         pbuf[2 * idx]     = (nib < 10) ? ('0' + nib) : ('A' + nib - 10);
 645              		.loc 1 146 9 is_stmt 1 view .LVU119
 146:usbd_desc.c   ****         pbuf[2 * idx]     = (nib < 10) ? ('0' + nib) : ('A' + nib - 10);
 646              		.loc 1 146 17 is_stmt 0 view .LVU120
ARM GAS  /tmp/ccRhEz3e.s 			page 18


 647 0052 010F     		lsrs	r1, r0, #28
 648              	.LVL37:
 147:usbd_desc.c   ****         pbuf[2 * idx + 1] = 0;
 649              		.loc 1 147 9 is_stmt 1 view .LVU121
 147:usbd_desc.c   ****         pbuf[2 * idx + 1] = 0;
 650              		.loc 1 147 27 is_stmt 0 view .LVU122
 651 0054 B0F1204F 		cmp	r0, #-1610612736
 148:usbd_desc.c   ****         value <<= 4;
 652              		.loc 1 148 27 view .LVU123
 653 0058 82F813C0 		strb	ip, [r2, #19]
 654              	.LBE30:
 144:usbd_desc.c   ****     {
 655              		.loc 1 144 5 view .LVU124
 656 005c 02F10202 		add	r2, r2, #2
 657              	.LVL38:
 658              	.LBB31:
 147:usbd_desc.c   ****         pbuf[2 * idx + 1] = 0;
 659              		.loc 1 147 27 view .LVU125
 660 0060 01F13703 		add	r3, r1, #55
 661 0064 38BF     		it	cc
 662 0066 01F13003 		addcc	r3, r1, #48
 663              	.LBE31:
 144:usbd_desc.c   ****     {
 664              		.loc 1 144 5 view .LVU126
 665 006a 9442     		cmp	r4, r2
 666              	.LBB32:
 149:usbd_desc.c   ****     }
 667              		.loc 1 149 15 view .LVU127
 668 006c 4FEA0010 		lsl	r0, r0, #4
 669              	.LVL39:
 147:usbd_desc.c   ****         pbuf[2 * idx + 1] = 0;
 670              		.loc 1 147 27 view .LVU128
 671 0070 1374     		strb	r3, [r2, #16]
 148:usbd_desc.c   ****         value <<= 4;
 672              		.loc 1 148 9 is_stmt 1 view .LVU129
 149:usbd_desc.c   ****     }
 673              		.loc 1 149 9 view .LVU130
 674              	.LVL40:
 149:usbd_desc.c   ****     }
 675              		.loc 1 149 9 is_stmt 0 view .LVU131
 676              	.LBE32:
 144:usbd_desc.c   ****     {
 677              		.loc 1 144 37 is_stmt 1 view .LVU132
 144:usbd_desc.c   ****     {
 678              		.loc 1 144 26 view .LVU133
 144:usbd_desc.c   ****     {
 679              		.loc 1 144 5 is_stmt 0 view .LVU134
 680 0072 EED1     		bne	.L53
 681              	.LVL41:
 144:usbd_desc.c   ****     {
 682              		.loc 1 144 5 view .LVU135
 683              	.LBE29:
 684              	.LBE28:
 685              	.LBE35:
 686              	.LBE38:
 202:usbd_desc.c   **** }
 687              		.loc 1 202 5 is_stmt 1 view .LVU136
ARM GAS  /tmp/ccRhEz3e.s 			page 19


 203:usbd_desc.c   **** 
 688              		.loc 1 203 1 is_stmt 0 view .LVU137
 689 0074 0148     		ldr	r0, .L61+4
 690 0076 30BD     		pop	{r4, r5, pc}
 691              	.L62:
 692              		.align	2
 693              	.L61:
 694 0078 00E0F11F 		.word	535945216
 695 007c 00000000 		.word	.LANCHOR4
 696 0080 08000000 		.word	.LANCHOR4+8
 697              		.cfi_endproc
 698              	.LFE329:
 700              		.section	.text.USBD_HS_SerialStrDescriptor,"ax",%progbits
 701              		.align	1
 702              		.p2align 2,,3
 703              		.global	USBD_HS_SerialStrDescriptor
 704              		.syntax unified
 705              		.thumb
 706              		.thumb_func
 707              		.fpu fpv5-d16
 709              	USBD_HS_SerialStrDescriptor:
 710              	.LFB344:
 711              		.cfi_startproc
 712              		@ args = 0, pretend = 0, frame = 0
 713              		@ frame_needed = 0, uses_anonymous_args = 0
 714 0000 1D48     		ldr	r0, .L78
 715 0002 D0F80038 		ldr	r3, [r0, #2048]
 716 0006 D0F80828 		ldr	r2, [r0, #2056]
 717 000a 30B5     		push	{r4, r5, lr}
 718              		.cfi_def_cfa_offset 12
 719              		.cfi_offset 4, -12
 720              		.cfi_offset 5, -8
 721              		.cfi_offset 14, -4
 722 000c 9B18     		adds	r3, r3, r2
 723 000e 4FF01A04 		mov	r4, #26
 724 0012 0C80     		strh	r4, [r1]	@ movhi
 725 0014 01D1     		bne	.L77
 726 0016 1948     		ldr	r0, .L78+4
 727 0018 30BD     		pop	{r4, r5, pc}
 728              	.L77:
 729 001a 184A     		ldr	r2, .L78+4
 730 001c 0024     		movs	r4, #0
 731 001e D0F80408 		ldr	r0, [r0, #2052]
 732 0022 02F11005 		add	r5, r2, #16
 733 0026 1146     		mov	r1, r2
 734              	.L67:
 735 0028 4FEA137E 		lsr	lr, r3, #28
 736 002c B3F1204F 		cmp	r3, #-1610612736
 737 0030 CC70     		strb	r4, [r1, #3]
 738 0032 01F10201 		add	r1, r1, #2
 739 0036 0EF1370C 		add	ip, lr, #55
 740 003a 38BF     		it	cc
 741 003c 0EF1300C 		addcc	ip, lr, #48
 742 0040 A942     		cmp	r1, r5
 743 0042 4FEA0313 		lsl	r3, r3, #4
 744 0046 81F800C0 		strb	ip, [r1]
 745 004a EDD1     		bne	.L67
ARM GAS  /tmp/ccRhEz3e.s 			page 20


 746 004c 0C4C     		ldr	r4, .L78+8
 747 004e 4FF0000C 		mov	ip, #0
 748              	.L70:
 749 0052 010F     		lsrs	r1, r0, #28
 750 0054 B0F1204F 		cmp	r0, #-1610612736
 751 0058 82F813C0 		strb	ip, [r2, #19]
 752 005c 02F10202 		add	r2, r2, #2
 753 0060 01F13703 		add	r3, r1, #55
 754 0064 38BF     		it	cc
 755 0066 01F13003 		addcc	r3, r1, #48
 756 006a 9442     		cmp	r4, r2
 757 006c 4FEA0010 		lsl	r0, r0, #4
 758 0070 1374     		strb	r3, [r2, #16]
 759 0072 EED1     		bne	.L70
 760 0074 0148     		ldr	r0, .L78+4
 761 0076 30BD     		pop	{r4, r5, pc}
 762              	.L79:
 763              		.align	2
 764              	.L78:
 765 0078 00E0F11F 		.word	535945216
 766 007c 00000000 		.word	.LANCHOR4
 767 0080 08000000 		.word	.LANCHOR4+8
 768              		.cfi_endproc
 769              	.LFE344:
 771              		.global	USBD_StrDesc
 772              		.global	USBD_StringSerial
 773              		.global	USBD_LangIDDesc
 774              		.global	USBD_HS_DeviceDesc
 775              		.global	USBD_FS_DeviceDesc
 776              		.global	HS_Desc
 777              		.global	FS_Desc
 778              		.section	.bss.USBD_StrDesc,"aw",%nobits
 779              		.align	2
 780              		.set	.LANCHOR3,. + 0
 783              	USBD_StrDesc:
 784 0000 00000000 		.space	512
 784      00000000 
 784      00000000 
 784      00000000 
 784      00000000 
 785              		.section	.data.FS_Desc,"aw"
 786              		.align	2
 789              	FS_Desc:
 790 0000 00000000 		.word	USBD_FS_DeviceDescriptor
 791 0004 00000000 		.word	USBD_FS_LangIDStrDescriptor
 792 0008 00000000 		.word	USBD_FS_ManufacturerStrDescriptor
 793 000c 00000000 		.word	USBD_FS_ProductStrDescriptor
 794 0010 00000000 		.word	USBD_FS_SerialStrDescriptor
 795 0014 00000000 		.word	USBD_FS_ConfigStrDescriptor
 796 0018 00000000 		.word	USBD_FS_InterfaceStrDescriptor
 797              		.section	.data.HS_Desc,"aw"
 798              		.align	2
 801              	HS_Desc:
 802 0000 00000000 		.word	USBD_HS_DeviceDescriptor
 803 0004 00000000 		.word	USBD_HS_LangIDStrDescriptor
 804 0008 00000000 		.word	USBD_HS_ManufacturerStrDescriptor
 805 000c 00000000 		.word	USBD_HS_ProductStrDescriptor
ARM GAS  /tmp/ccRhEz3e.s 			page 21


 806 0010 00000000 		.word	USBD_HS_SerialStrDescriptor
 807 0014 00000000 		.word	USBD_HS_ConfigStrDescriptor
 808 0018 00000000 		.word	USBD_HS_InterfaceStrDescriptor
 809              		.section	.data.USBD_FS_DeviceDesc,"aw"
 810              		.align	2
 811              		.set	.LANCHOR0,. + 0
 814              	USBD_FS_DeviceDesc:
 815 0000 12010002 		.ascii	"\022\001\000\002\000\000\000@\203\004AW\000\002\001"
 815      00000040 
 815      83044157 
 815      000201
 816 000f 020301   		.ascii	"\002\003\001"
 817              		.section	.data.USBD_HS_DeviceDesc,"aw"
 818              		.align	2
 819              		.set	.LANCHOR2,. + 0
 822              	USBD_HS_DeviceDesc:
 823 0000 12010002 		.ascii	"\022\001\000\002\000\000\000@\203\004BW\000\002\001"
 823      00000040 
 823      83044257 
 823      000201
 824 000f 020301   		.ascii	"\002\003\001"
 825              		.section	.data.USBD_LangIDDesc,"aw"
 826              		.align	2
 827              		.set	.LANCHOR1,. + 0
 830              	USBD_LangIDDesc:
 831 0000 04030904 		.ascii	"\004\003\011\004"
 832              		.section	.data.USBD_StringSerial,"aw"
 833              		.align	2
 834              		.set	.LANCHOR4,. + 0
 837              	USBD_StringSerial:
 838 0000 1A0300   		.ascii	"\032\003\000"
 839 0003 00000000 		.space	23
 839      00000000 
 839      00000000 
 839      00000000 
 839      00000000 
 840              		.text
 841              	.Letext0:
 842              		.file 2 "/home/pi/Developer/gcc-arm-none-eabi-10-2020-q4-major/arm-none-eabi/include/machine/_defa
 843              		.file 3 "/home/pi/Developer/gcc-arm-none-eabi-10-2020-q4-major/arm-none-eabi/include/sys/_stdint.h
 844              		.file 4 "../../libDaisy/Middlewares/ST/STM32_USB_Device_Library/Core/Inc/usbd_def.h"
 845              		.file 5 "usbd_desc.h"
 846              		.file 6 "../../libDaisy/Middlewares/ST/STM32_USB_Device_Library/Core/Inc/usbd_ctlreq.h"
ARM GAS  /tmp/ccRhEz3e.s 			page 22


DEFINED SYMBOLS
                            *ABS*:0000000000000000 usbd_desc.c
     /tmp/ccRhEz3e.s:17     .text.USBD_FS_DeviceDescriptor:0000000000000000 $t
     /tmp/ccRhEz3e.s:26     .text.USBD_FS_DeviceDescriptor:0000000000000000 USBD_FS_DeviceDescriptor
     /tmp/ccRhEz3e.s:50     .text.USBD_FS_DeviceDescriptor:0000000000000008 $d
     /tmp/ccRhEz3e.s:55     .text.USBD_FS_LangIDStrDescriptor:0000000000000000 $t
     /tmp/ccRhEz3e.s:63     .text.USBD_FS_LangIDStrDescriptor:0000000000000000 USBD_FS_LangIDStrDescriptor
     /tmp/ccRhEz3e.s:86     .text.USBD_FS_LangIDStrDescriptor:0000000000000008 $d
     /tmp/ccRhEz3e.s:91     .text.USBD_HS_DeviceDescriptor:0000000000000000 $t
     /tmp/ccRhEz3e.s:99     .text.USBD_HS_DeviceDescriptor:0000000000000000 USBD_HS_DeviceDescriptor
     /tmp/ccRhEz3e.s:122    .text.USBD_HS_DeviceDescriptor:0000000000000008 $d
     /tmp/ccRhEz3e.s:127    .rodata.USBD_FS_ManufacturerStrDescriptor.str1.4:0000000000000000 $d
     /tmp/ccRhEz3e.s:131    .text.USBD_FS_ManufacturerStrDescriptor:0000000000000000 $t
     /tmp/ccRhEz3e.s:139    .text.USBD_FS_ManufacturerStrDescriptor:0000000000000000 USBD_FS_ManufacturerStrDescriptor
     /tmp/ccRhEz3e.s:173    .text.USBD_FS_ManufacturerStrDescriptor:0000000000000014 $d
     /tmp/ccRhEz3e.s:179    .rodata.USBD_FS_ProductStrDescriptor.str1.4:0000000000000000 $d
     /tmp/ccRhEz3e.s:183    .text.USBD_FS_ProductStrDescriptor:0000000000000000 $t
     /tmp/ccRhEz3e.s:191    .text.USBD_FS_ProductStrDescriptor:0000000000000000 USBD_FS_ProductStrDescriptor
     /tmp/ccRhEz3e.s:225    .text.USBD_FS_ProductStrDescriptor:0000000000000014 $d
     /tmp/ccRhEz3e.s:231    .rodata.USBD_FS_ConfigStrDescriptor.str1.4:0000000000000000 $d
     /tmp/ccRhEz3e.s:235    .text.USBD_FS_ConfigStrDescriptor:0000000000000000 $t
     /tmp/ccRhEz3e.s:243    .text.USBD_FS_ConfigStrDescriptor:0000000000000000 USBD_FS_ConfigStrDescriptor
     /tmp/ccRhEz3e.s:277    .text.USBD_FS_ConfigStrDescriptor:0000000000000014 $d
     /tmp/ccRhEz3e.s:283    .rodata.USBD_FS_InterfaceStrDescriptor.str1.4:0000000000000000 $d
     /tmp/ccRhEz3e.s:287    .text.USBD_FS_InterfaceStrDescriptor:0000000000000000 $t
     /tmp/ccRhEz3e.s:295    .text.USBD_FS_InterfaceStrDescriptor:0000000000000000 USBD_FS_InterfaceStrDescriptor
     /tmp/ccRhEz3e.s:329    .text.USBD_FS_InterfaceStrDescriptor:0000000000000014 $d
     /tmp/ccRhEz3e.s:335    .rodata.USBD_HS_ProductStrDescriptor.str1.4:0000000000000000 $d
     /tmp/ccRhEz3e.s:339    .text.USBD_HS_ProductStrDescriptor:0000000000000000 $t
     /tmp/ccRhEz3e.s:347    .text.USBD_HS_ProductStrDescriptor:0000000000000000 USBD_HS_ProductStrDescriptor
     /tmp/ccRhEz3e.s:381    .text.USBD_HS_ProductStrDescriptor:0000000000000014 $d
     /tmp/ccRhEz3e.s:387    .text.USBD_HS_LangIDStrDescriptor:0000000000000000 $t
     /tmp/ccRhEz3e.s:395    .text.USBD_HS_LangIDStrDescriptor:0000000000000000 USBD_HS_LangIDStrDescriptor
     /tmp/ccRhEz3e.s:408    .text.USBD_HS_LangIDStrDescriptor:0000000000000008 $d
     /tmp/ccRhEz3e.s:413    .text.USBD_HS_ManufacturerStrDescriptor:0000000000000000 $t
     /tmp/ccRhEz3e.s:421    .text.USBD_HS_ManufacturerStrDescriptor:0000000000000000 USBD_HS_ManufacturerStrDescriptor
     /tmp/ccRhEz3e.s:440    .text.USBD_HS_ManufacturerStrDescriptor:0000000000000014 $d
     /tmp/ccRhEz3e.s:446    .text.USBD_HS_ConfigStrDescriptor:0000000000000000 $t
     /tmp/ccRhEz3e.s:454    .text.USBD_HS_ConfigStrDescriptor:0000000000000000 USBD_HS_ConfigStrDescriptor
     /tmp/ccRhEz3e.s:473    .text.USBD_HS_ConfigStrDescriptor:0000000000000014 $d
     /tmp/ccRhEz3e.s:479    .text.USBD_HS_InterfaceStrDescriptor:0000000000000000 $t
     /tmp/ccRhEz3e.s:487    .text.USBD_HS_InterfaceStrDescriptor:0000000000000000 USBD_HS_InterfaceStrDescriptor
     /tmp/ccRhEz3e.s:506    .text.USBD_HS_InterfaceStrDescriptor:0000000000000014 $d
     /tmp/ccRhEz3e.s:512    .text.USBD_FS_SerialStrDescriptor:0000000000000000 $t
     /tmp/ccRhEz3e.s:520    .text.USBD_FS_SerialStrDescriptor:0000000000000000 USBD_FS_SerialStrDescriptor
     /tmp/ccRhEz3e.s:694    .text.USBD_FS_SerialStrDescriptor:0000000000000078 $d
     /tmp/ccRhEz3e.s:701    .text.USBD_HS_SerialStrDescriptor:0000000000000000 $t
     /tmp/ccRhEz3e.s:709    .text.USBD_HS_SerialStrDescriptor:0000000000000000 USBD_HS_SerialStrDescriptor
     /tmp/ccRhEz3e.s:765    .text.USBD_HS_SerialStrDescriptor:0000000000000078 $d
     /tmp/ccRhEz3e.s:783    .bss.USBD_StrDesc:0000000000000000 USBD_StrDesc
     /tmp/ccRhEz3e.s:837    .data.USBD_StringSerial:0000000000000000 USBD_StringSerial
     /tmp/ccRhEz3e.s:830    .data.USBD_LangIDDesc:0000000000000000 USBD_LangIDDesc
     /tmp/ccRhEz3e.s:822    .data.USBD_HS_DeviceDesc:0000000000000000 USBD_HS_DeviceDesc
     /tmp/ccRhEz3e.s:814    .data.USBD_FS_DeviceDesc:0000000000000000 USBD_FS_DeviceDesc
     /tmp/ccRhEz3e.s:801    .data.HS_Desc:0000000000000000 HS_Desc
     /tmp/ccRhEz3e.s:789    .data.FS_Desc:0000000000000000 FS_Desc
     /tmp/ccRhEz3e.s:779    .bss.USBD_StrDesc:0000000000000000 $d
ARM GAS  /tmp/ccRhEz3e.s 			page 23


     /tmp/ccRhEz3e.s:786    .data.FS_Desc:0000000000000000 $d
     /tmp/ccRhEz3e.s:798    .data.HS_Desc:0000000000000000 $d
     /tmp/ccRhEz3e.s:810    .data.USBD_FS_DeviceDesc:0000000000000000 $d
     /tmp/ccRhEz3e.s:818    .data.USBD_HS_DeviceDesc:0000000000000000 $d
     /tmp/ccRhEz3e.s:826    .data.USBD_LangIDDesc:0000000000000000 $d
     /tmp/ccRhEz3e.s:833    .data.USBD_StringSerial:0000000000000000 $d

UNDEFINED SYMBOLS
USBD_GetString
